<?xml version="1.0" encoding="UTF-8"?>
<!-- Generated by org.testng.reporters.JUnitXMLReporter -->
<testsuite ignored="0" hostname="Garima" failures="0" tests="2" name="Default test" time="41.163" errors="0" timestamp="2024-10-02T16:30:29 IST">
  <testcase classname="SeleniumPackage1.Seleniumproject1.Searching_with_filters" name="filters" time="25.322">
    <skipped/>
  </testcase> <!-- filters -->
  <testcase classname="SeleniumPackage1.Seleniumproject1.Searching_with_filters" name="filters" time="9.501"/>
</testsuite> <!-- Default test -->
