<?xml version="1.0" encoding="UTF-8"?>
<!-- Generated by org.testng.reporters.JUnitXMLReporter -->
<testsuite ignored="0" hostname="Garima" failures="1" tests="8" name="Test" time="144.026" errors="0" timestamp="2024-10-03T23:39:57 IST">
  <testcase classname="SeleniumPackage1.Seleniumproject1.Registration_to_Amazon" name="creating_new_account" time="3.631"/>
  <testcase classname="SeleniumPackage1.Seleniumproject1.Login_to_Amazon" name="login1" time="4.982"/>
  <testcase classname="SeleniumPackage1.Seleniumproject1.Login_with_invalid_credential" name="invalid" time="4.963"/>
  <testcase classname="SeleniumPackage1.Seleniumproject1.Edit_Profile_Info" name="edit1" time="11.261"/>
  <testcase classname="SeleniumPackage1.Seleniumproject1.Search_for_product" name="search1" time="2.454"/>
  <testcase classname="SeleniumPackage1.Seleniumproject1.Searching_with_filters" name="filters" time="26.683">
    <skipped/>
  </testcase> <!-- filters -->
  <testcase classname="SeleniumPackage1.Seleniumproject1.Searching_with_filters" name="filters" time="25.279">
    <skipped/>
  </testcase> <!-- filters -->
  <testcase classname="SeleniumPackage1.Seleniumproject1.Searching_with_filters" name="filters" time="26.52">
    <failure type="java.lang.NullPointerException" message="Cannot invoke &amp;quot;org.openqa.selenium.WebDriver.getClass()&amp;quot; because &amp;quot;exceptionDriver&amp;quot; is null">
      <![CDATA[java.lang.NullPointerException: Cannot invoke "org.openqa.selenium.WebDriver.getClass()" because "exceptionDriver" is null
at org.openqa.selenium.support.ui.WebDriverWait.timeoutException(WebDriverWait.java:85)
at org.openqa.selenium.support.ui.FluentWait.until(FluentWait.java:228)
at SeleniumPackage1.Seleniumproject1.Amz_HomePage.cat1(Amz_HomePage.java:94)
at SeleniumPackage1.Seleniumproject1.Searching_with_filters.filters(Searching_with_filters.java:21)
at java.base/java.util.ArrayList.forEach(ArrayList.java:1511)
... Removed 27 stack frames]]>
    </failure>
  </testcase> <!-- filters -->
</testsuite> <!-- Test -->
