<?xml version="1.0" encoding="UTF-8"?>
<!-- Generated by org.testng.reporters.JUnitXMLReporter -->
<testsuite ignored="0" hostname="Garima" failures="2" tests="14" name="Test" time="402.36" errors="0" timestamp="2024-10-14T23:07:12 IST">
  <testcase classname="SeleniumPackage1.Seleniumproject1.Registration_to_Amazon" name="creating_new_account" time="3.97"/>
  <testcase classname="SeleniumPackage1.Seleniumproject1.Login_to_Amazon" name="login1" time="3.937"/>
  <testcase classname="SeleniumPackage1.Seleniumproject1.Login_with_invalid_credential" name="invalid" time="3.075"/>
  <testcase classname="SeleniumPackage1.Seleniumproject1.Edit_Profile_Info" name="edit1" time="10.257"/>
  <testcase classname="SeleniumPackage1.Seleniumproject1.Search_for_product" name="search1" time="3.432"/>
  <testcase classname="SeleniumPackage1.Seleniumproject1.Searching_with_filters" name="filters" time="11.278"/>
  <testcase classname="SeleniumPackage1.Seleniumproject1.Product_Details_Page" name="productdetails" time="26.123">
    <failure type="java.lang.NullPointerException" message="Cannot invoke &amp;quot;org.openqa.selenium.WebDriver.getClass()&amp;quot; because &amp;quot;exceptionDriver&amp;quot; is null">
      <![CDATA[java.lang.NullPointerException: Cannot invoke "org.openqa.selenium.WebDriver.getClass()" because "exceptionDriver" is null
at org.openqa.selenium.support.ui.WebDriverWait.timeoutException(WebDriverWait.java:85)
at org.openqa.selenium.support.ui.FluentWait.until(FluentWait.java:228)
at SeleniumPackage1.Seleniumproject1.Amz_ProductDetails.price(Amz_ProductDetails.java:30)
at SeleniumPackage1.Seleniumproject1.Product_Details_Page.productdetails(Product_Details_Page.java:30)
at java.base/java.util.ArrayList.forEach(ArrayList.java:1511)
... Removed 27 stack frames]]>
    </failure>
  </testcase> <!-- productdetails -->
  <testcase classname="SeleniumPackage1.Seleniumproject1.Sort_Product" name="sorting" time="8.656"/>
  <testcase classname="SeleniumPackage1.Seleniumproject1.Add_Items_to_shopping_cart" name="addtocart" time="6.873"/>
  <testcase classname="SeleniumPackage1.Seleniumproject1.Updating_and_removing_items_cart" name="shoppingcart" time="8.114"/>
  <testcase classname="SeleniumPackage1.Seleniumproject1.Validate_entire_checkout_process" name="checkingOut" time="20.543"/>
  <testcase classname="SeleniumPackage1.Seleniumproject1.Different_Payment_Method" name="paymethod" time="24.775"/>
  <testcase classname="SeleniumPackage1.Seleniumproject1.Apply_Coupon_Code" name="applyingcoup" time="21.606"/>
  <testcase classname="SeleniumPackage1.Seleniumproject1.Give_Ratings" name="rating" time="28.466">
    <failure type="java.lang.NullPointerException" message="Cannot invoke &amp;quot;org.openqa.selenium.WebDriver.getClass()&amp;quot; because &amp;quot;exceptionDriver&amp;quot; is null">
      <![CDATA[java.lang.NullPointerException: Cannot invoke "org.openqa.selenium.WebDriver.getClass()" because "exceptionDriver" is null
at org.openqa.selenium.support.ui.WebDriverWait.timeoutException(WebDriverWait.java:85)
at org.openqa.selenium.support.ui.FluentWait.until(FluentWait.java:228)
at SeleniumPackage1.Seleniumproject1.Amz_OrderPage.link(Amz_OrderPage.java:29)
at SeleniumPackage1.Seleniumproject1.Give_Ratings.rating(Give_Ratings.java:28)
at java.base/java.util.ArrayList.forEach(ArrayList.java:1511)
... Removed 27 stack frames]]>
    </failure>
  </testcase> <!-- rating -->
</testsuite> <!-- Test -->
