<?xml version="1.0" encoding="UTF-8"?>
<!-- Generated by org.testng.reporters.JUnitXMLReporter -->
<testsuite ignored="0" hostname="Garima" failures="0" tests="5" name="Test" time="49.152" errors="0" timestamp="2024-10-04T09:04:17 IST">
  <testcase classname="SeleniumPackage1.Seleniumproject1.Registration_to_Amazon" name="creating_new_account" time="3.981"/>
  <testcase classname="SeleniumPackage1.Seleniumproject1.Login_to_Amazon" name="login1" time="4.008"/>
  <testcase classname="SeleniumPackage1.Seleniumproject1.Login_with_invalid_credential" name="invalid" time="3.924"/>
  <testcase classname="SeleniumPackage1.Seleniumproject1.Edit_Profile_Info" name="edit1" time="9.739"/>
  <testcase classname="SeleniumPackage1.Seleniumproject1.Search_for_product" name="search1" time="3.453"/>
</testsuite> <!-- Test -->
