<?xml version="1.0" encoding="UTF-8"?>
<testng-results ignored="0" total="5" passed="5" failed="0" skipped="0">
  <reporter-output>
    <line>
      <![CDATA[Test Case is passed]]>
    </line>
    <line>
      <![CDATA[Test Case is passed]]>
    </line>
    <line>
      <![CDATA[Test Case is passed]]>
    </line>
    <line>
      <![CDATA[Test Case is passed]]>
    </line>
    <line>
      <![CDATA[Test Case is passed]]>
    </line>
  </reporter-output>
  <suite started-at="2024-10-04T09:03:28 IST" name="Suite" finished-at="2024-10-04T09:04:17 IST" duration-ms="49152">
    <groups>
    </groups>
    <test started-at="2024-10-04T09:03:28 IST" name="Test" finished-at="2024-10-04T09:04:17 IST" duration-ms="49152">
      <class name="SeleniumPackage1.Seleniumproject1.Edit_Profile_Info">
        <test-method is-config="true" signature="launchAmazon()[pri:0, instance:SeleniumPackage1.Seleniumproject1.Edit_Profile_Info@71ba6d4e]" started-at="2024-10-04T09:03:58 IST" name="launchAmazon" finished-at="2024-10-04T09:04:00 IST" duration-ms="2603" status="PASS">
          <reporter-output>
          </reporter-output>
        </test-method> <!-- launchAmazon -->
        <test-method signature="edit1(java.lang.String,java.lang.String)[pri:0, instance:SeleniumPackage1.Seleniumproject1.Edit_Profile_Info@71ba6d4e]" started-at="2024-10-04T09:04:00 IST" name="edit1" data-provider="inputs" finished-at="2024-10-04T09:04:10 IST" duration-ms="9739" status="PASS">
          <params>
            <param index="0">
              <value>
                <![CDATA[9872129519]]>
              </value>
            </param>
            <param index="1">
              <value>
                <![CDATA[Seltos@123]]>
              </value>
            </param>
          </params>
          <reporter-output>
            <line>
              <![CDATA[Test Case is passed]]>
            </line>
          </reporter-output>
        </test-method> <!-- edit1 -->
        <test-method is-config="true" signature="close()[pri:0, instance:SeleniumPackage1.Seleniumproject1.Edit_Profile_Info@71ba6d4e]" started-at="2024-10-04T09:04:10 IST" name="close" finished-at="2024-10-04T09:04:11 IST" duration-ms="248" status="PASS">
          <reporter-output>
          </reporter-output>
        </test-method> <!-- close -->
      </class> <!-- SeleniumPackage1.Seleniumproject1.Edit_Profile_Info -->
      <class name="SeleniumPackage1.Seleniumproject1.Login_with_invalid_credential">
        <test-method is-config="true" signature="launchAmazon()[pri:0, instance:SeleniumPackage1.Seleniumproject1.Login_with_invalid_credential@55a147cc]" started-at="2024-10-04T09:03:51 IST" name="launchAmazon" finished-at="2024-10-04T09:03:54 IST" duration-ms="2649" status="PASS">
          <reporter-output>
          </reporter-output>
        </test-method> <!-- launchAmazon -->
        <test-method signature="invalid(java.lang.String,java.lang.String)[pri:0, instance:SeleniumPackage1.Seleniumproject1.Login_with_invalid_credential@55a147cc]" started-at="2024-10-04T09:03:54 IST" name="invalid" data-provider="inputs" finished-at="2024-10-04T09:03:58 IST" duration-ms="3924" status="PASS">
          <params>
            <param index="0">
              <value>
                <![CDATA[919112663309]]>
              </value>
            </param>
            <param index="1">
              <value>
                <![CDATA[hyo$$222!!!]]>
              </value>
            </param>
          </params>
          <reporter-output>
            <line>
              <![CDATA[Test Case is passed]]>
            </line>
          </reporter-output>
        </test-method> <!-- invalid -->
        <test-method is-config="true" signature="close()[pri:0, instance:SeleniumPackage1.Seleniumproject1.Login_with_invalid_credential@55a147cc]" started-at="2024-10-04T09:03:58 IST" name="close" finished-at="2024-10-04T09:03:58 IST" duration-ms="215" status="PASS">
          <reporter-output>
          </reporter-output>
        </test-method> <!-- close -->
      </class> <!-- SeleniumPackage1.Seleniumproject1.Login_with_invalid_credential -->
      <class name="SeleniumPackage1.Seleniumproject1.Login_to_Amazon">
        <test-method is-config="true" signature="launchAmazon()[pri:0, instance:SeleniumPackage1.Seleniumproject1.Login_to_Amazon@1a942c18]" started-at="2024-10-04T09:03:43 IST" name="launchAmazon" finished-at="2024-10-04T09:03:46 IST" duration-ms="3168" status="PASS">
          <reporter-output>
          </reporter-output>
        </test-method> <!-- launchAmazon -->
        <test-method signature="login1(java.lang.String,java.lang.String)[pri:0, instance:SeleniumPackage1.Seleniumproject1.Login_to_Amazon@1a942c18]" started-at="2024-10-04T09:03:46 IST" name="login1" data-provider="inputs" finished-at="2024-10-04T09:03:50 IST" duration-ms="4008" status="PASS">
          <params>
            <param index="0">
              <value>
                <![CDATA[9872129519]]>
              </value>
            </param>
            <param index="1">
              <value>
                <![CDATA[Seltos@123]]>
              </value>
            </param>
          </params>
          <reporter-output>
            <line>
              <![CDATA[Test Case is passed]]>
            </line>
          </reporter-output>
        </test-method> <!-- login1 -->
        <test-method is-config="true" signature="close()[pri:0, instance:SeleniumPackage1.Seleniumproject1.Login_to_Amazon@1a942c18]" started-at="2024-10-04T09:03:51 IST" name="close" finished-at="2024-10-04T09:03:51 IST" duration-ms="227" status="PASS">
          <reporter-output>
          </reporter-output>
        </test-method> <!-- close -->
      </class> <!-- SeleniumPackage1.Seleniumproject1.Login_to_Amazon -->
      <class name="SeleniumPackage1.Seleniumproject1.Search_for_product">
        <test-method is-config="true" signature="launchAmazon()[pri:0, instance:SeleniumPackage1.Seleniumproject1.Search_for_product@738dc9b]" started-at="2024-10-04T09:04:11 IST" name="launchAmazon" finished-at="2024-10-04T09:04:13 IST" duration-ms="2720" status="PASS">
          <reporter-output>
          </reporter-output>
        </test-method> <!-- launchAmazon -->
        <test-method signature="search1()[pri:0, instance:SeleniumPackage1.Seleniumproject1.Search_for_product@738dc9b]" started-at="2024-10-04T09:04:13 IST" name="search1" finished-at="2024-10-04T09:04:17 IST" duration-ms="3453" status="PASS">
          <reporter-output>
            <line>
              <![CDATA[Test Case is passed]]>
            </line>
          </reporter-output>
        </test-method> <!-- search1 -->
        <test-method is-config="true" signature="close()[pri:0, instance:SeleniumPackage1.Seleniumproject1.Search_for_product@738dc9b]" started-at="2024-10-04T09:04:17 IST" name="close" finished-at="2024-10-04T09:04:17 IST" duration-ms="206" status="PASS">
          <reporter-output>
          </reporter-output>
        </test-method> <!-- close -->
      </class> <!-- SeleniumPackage1.Seleniumproject1.Search_for_product -->
      <class name="SeleniumPackage1.Seleniumproject1.Registration_to_Amazon">
        <test-method is-config="true" signature="launchAmazon()[pri:0, instance:SeleniumPackage1.Seleniumproject1.Registration_to_Amazon@2d710f1a]" started-at="2024-10-04T09:03:28 IST" name="launchAmazon" finished-at="2024-10-04T09:03:38 IST" duration-ms="9538" status="PASS">
          <reporter-output>
          </reporter-output>
        </test-method> <!-- launchAmazon -->
        <test-method signature="creating_new_account()[pri:0, instance:SeleniumPackage1.Seleniumproject1.Registration_to_Amazon@2d710f1a]" started-at="2024-10-04T09:03:38 IST" name="creating_new_account" finished-at="2024-10-04T09:03:42 IST" duration-ms="3981" status="PASS">
          <reporter-output>
            <line>
              <![CDATA[Test Case is passed]]>
            </line>
          </reporter-output>
        </test-method> <!-- creating_new_account -->
        <test-method is-config="true" signature="close()[pri:0, instance:SeleniumPackage1.Seleniumproject1.Registration_to_Amazon@2d710f1a]" started-at="2024-10-04T09:03:42 IST" name="close" finished-at="2024-10-04T09:03:42 IST" duration-ms="237" status="PASS">
          <reporter-output>
          </reporter-output>
        </test-method> <!-- close -->
      </class> <!-- SeleniumPackage1.Seleniumproject1.Registration_to_Amazon -->
    </test> <!-- Test -->
  </suite> <!-- Suite -->
</testng-results>
