<?xml version="1.0" encoding="UTF-8"?>
<!-- Generated by org.testng.reporters.JUnitReportReporter -->
<testsuite hostname="Garima" failures="0" tests="1" name="SeleniumPackage1.Seleniumproject1.Searching_with_filters" time="36.945" errors="0" timestamp="2026-07-30T17:51:00 IST" skipped="0">
  <testcase classname="SeleniumPackage1.Seleniumproject1.Searching_with_filters" name="filters" time="36.945">
    <system-out>
      <![CDATA[Test Case is passed]]>
    </system-out>
  </testcase> <!-- filters -->
  <system-out>
    <![CDATA[Test case is failed
Test Case is passed
Test Case is passed
Test Case is passed
Test Case is passed
Test Case is passed
Test Case is passed
Test Case is passed
Test Case is passed
Test case is failed
Test case is failed
Test case is failed
Test case is failed]]>
  </system-out>
</testsuite> <!-- SeleniumPackage1.Seleniumproject1.Searching_with_filters -->
