<?xml version="1.0" encoding="UTF-8"?>
<!-- Generated by org.testng.reporters.JUnitReportReporter -->
<testsuite hostname="Garima" failures="0" tests="1" name="SeleniumPackage1.Seleniumproject1.Login_with_invalid_credential" time="8.278" errors="0" timestamp="2024-10-05T07:13:55 IST" skipped="0">
  <testcase classname="SeleniumPackage1.Seleniumproject1.Login_with_invalid_credential" name="invalid" time="8.278">
    <system-out>
      <![CDATA[Test Case is passed]]>
    </system-out>
  </testcase> <!-- invalid -->
  <system-out>
    <![CDATA[Test Case is passed
Test case is failed
Test Case is passed
Test case is failed
Test Case is passed]]>
  </system-out>
</testsuite> <!-- SeleniumPackage1.Seleniumproject1.Login_with_invalid_credential -->
